<?xml version="1.0" encoding="UTF-8"?>
<!-- Generated by org.testng.reporters.JUnitXMLReporter -->
<testsuite hostname="DESKTOP-ST6BNIN" name="Surefire test" tests="1" failures="1" timestamp="26 Dec 2018 11:51:54 GMT" time="6.414" errors="0">
  <testcase name="testEasy" time="2.703" classname="testng.NewTest">
    <failure type="java.lang.AssertionError" message="expected [true] but found [false]">
      <![CDATA[java.lang.AssertionError: expected [true] but found [false]
	at testng.NewTest.testEasy(NewTest.java:17)
... Removed 32 stack frames]]>
    </failure>
  </testcase> <!-- testEasy -->
</testsuite> <!-- Surefire test -->
