<?xml version="1.0" encoding="UTF-8"?>
<testng-results skipped="0" failed="0" total="2" passed="2">
  <reporter-output>
  </reporter-output>
  <suite name="Surefire suite" duration-ms="11639" started-at="2018-12-27T06:24:16Z" finished-at="2018-12-27T06:24:28Z">
    <groups>
    </groups>
    <test name="Surefire test" duration-ms="11639" started-at="2018-12-27T06:24:16Z" finished-at="2018-12-27T06:24:28Z">
      <class name="testng.HomePageTest">
        <test-method status="PASS" signature="testEasy()[pri:0, instance:testng.HomePageTest@5f2050f6]" name="testEasy" duration-ms="2742" started-at="2018-12-27T14:24:23Z" finished-at="2018-12-27T14:24:26Z">
          <reporter-output>
          </reporter-output>
        </test-method> <!-- testEasy -->
      </class> <!-- testng.HomePageTest -->
      <class name="testng.BaiduTest">
        <test-method status="PASS" signature="beforeTest()[pri:0, instance:testng.BaiduTest@13969fbe]" name="beforeTest" is-config="true" duration-ms="3176" started-at="2018-12-27T14:24:16Z" finished-at="2018-12-27T14:24:19Z">
          <reporter-output>
          </reporter-output>
        </test-method> <!-- beforeTest -->
        <test-method status="PASS" signature="beforeTest()[pri:0, instance:testng.HomePageTest@5f2050f6]" name="beforeTest" is-config="true" duration-ms="2327" started-at="2018-12-27T14:24:19Z" finished-at="2018-12-27T14:24:22Z">
          <reporter-output>
          </reporter-output>
        </test-method> <!-- beforeTest -->
        <test-method status="PASS" signature="testEasy()[pri:0, instance:testng.BaiduTest@13969fbe]" name="testEasy" duration-ms="1514" started-at="2018-12-27T14:24:22Z" finished-at="2018-12-27T14:24:23Z">
          <reporter-output>
          </reporter-output>
        </test-method> <!-- testEasy -->
        <test-method status="PASS" signature="afterTest()[pri:0, instance:testng.BaiduTest@13969fbe]" name="afterTest" is-config="true" duration-ms="978" started-at="2018-12-27T14:24:26Z" finished-at="2018-12-27T14:24:27Z">
          <reporter-output>
          </reporter-output>
        </test-method> <!-- afterTest -->
        <test-method status="PASS" signature="afterTest()[pri:0, instance:testng.HomePageTest@5f2050f6]" name="afterTest" is-config="true" duration-ms="893" started-at="2018-12-27T14:24:27Z" finished-at="2018-12-27T14:24:28Z">
          <reporter-output>
          </reporter-output>
        </test-method> <!-- afterTest -->
      </class> <!-- testng.BaiduTest -->
    </test> <!-- Surefire test -->
  </suite> <!-- Surefire suite -->
</testng-results>
