<?xml version="1.0" encoding="UTF-8"?>
<testsuite xmlns:xsi="http://www.w3.org/2001/XMLSchema-instance" xsi:schemaLocation="https://maven.apache.org/surefire/maven-surefire-plugin/xsd/surefire-test-report.xsd" name="TestSuite" time="1.656" tests="42" errors="0" skipped="0" failures="0">
  <properties>
[...]
</properties>
  <testcase name="testGetMonthOfNextDay[0] on testGetMonthOfNextDay[0](junit.ComputeDateTest_getMonthOfNextDay)" classname="junit.ComputeDateTest_getMonthOfNextDay" time="0.127"/>
  <testcase name="testGetMonthOfNextDay[1] on testGetMonthOfNextDay[1](junit.ComputeDateTest_getMonthOfNextDay)" classname="junit.ComputeDateTest_getMonthOfNextDay" time="0.007"/>
  <testcase name="testGetMonthOfNextDay[2] on testGetMonthOfNextDay[2](junit.ComputeDateTest_getMonthOfNextDay)" classname="junit.ComputeDateTest_getMonthOfNextDay" time="0.064"/>
  <testcase name="testGetMonthOfNextDay[3] on testGetMonthOfNextDay[3](junit.ComputeDateTest_getMonthOfNextDay)" classname="junit.ComputeDateTest_getMonthOfNextDay" time="0.008"/>
  <testcase name="testGetMonthOfNextDay[4] on testGetMonthOfNextDay[4](junit.ComputeDateTest_getMonthOfNextDay)" classname="junit.ComputeDateTest_getMonthOfNextDay" time="0.004"/>
  <testcase name="testGetMonthOfNextDay[5] on testGetMonthOfNextDay[5](junit.ComputeDateTest_getMonthOfNextDay)" classname="junit.ComputeDateTest_getMonthOfNextDay" time="0.004"/>
  <testcase name="testGetMonthOfNextDay[6] on testGetMonthOfNextDay[6](junit.ComputeDateTest_getMonthOfNextDay)" classname="junit.ComputeDateTest_getMonthOfNextDay" time="0.007"/>
  <testcase name="testGetMonthOfNextDay[7] on testGetMonthOfNextDay[7](junit.ComputeDateTest_getMonthOfNextDay)" classname="junit.ComputeDateTest_getMonthOfNextDay" time="0.002"/>
  <testcase name="testGetMonthOfNextDay[8] on testGetMonthOfNextDay[8](junit.ComputeDateTest_getMonthOfNextDay)" classname="junit.ComputeDateTest_getMonthOfNextDay" time="0.002"/>
  <testcase name="testGetMonthOfNextDay[9] on testGetMonthOfNextDay[9](junit.ComputeDateTest_getMonthOfNextDay)" classname="junit.ComputeDateTest_getMonthOfNextDay" time="0.001"/>
  <testcase name="testGetMonthOfNextDay[10] on testGetMonthOfNextDay[10](junit.ComputeDateTest_getMonthOfNextDay)" classname="junit.ComputeDateTest_getMonthOfNextDay" time="0.001"/>
  <testcase name="testGetMonthOfNextDay[11] on testGetMonthOfNextDay[11](junit.ComputeDateTest_getMonthOfNextDay)" classname="junit.ComputeDateTest_getMonthOfNextDay" time="0.002"/>
  <testcase name="testGetMonthOfNextDay[12] on testGetMonthOfNextDay[12](junit.ComputeDateTest_getMonthOfNextDay)" classname="junit.ComputeDateTest_getMonthOfNextDay" time="0.002"/>
  <testcase name="testGetMonthOfNextDay[13] on testGetMonthOfNextDay[13](junit.ComputeDateTest_getMonthOfNextDay)" classname="junit.ComputeDateTest_getMonthOfNextDay" time="0.004"/>
  <testcase name="testGetMonthOfNextDay[14] on testGetMonthOfNextDay[14](junit.ComputeDateTest_getMonthOfNextDay)" classname="junit.ComputeDateTest_getMonthOfNextDay" time="0.003"/>
  <testcase name="testGetMonthOfNextDay[15] on testGetMonthOfNextDay[15](junit.ComputeDateTest_getMonthOfNextDay)" classname="junit.ComputeDateTest_getMonthOfNextDay" time="0.003"/>
  <testcase name="testGetMonthOfNextDay[16] on testGetMonthOfNextDay[16](junit.ComputeDateTest_getMonthOfNextDay)" classname="junit.ComputeDateTest_getMonthOfNextDay" time="0.003"/>
  <testcase name="testGetMonthOfNextDay[17] on testGetMonthOfNextDay[17](junit.ComputeDateTest_getMonthOfNextDay)" classname="junit.ComputeDateTest_getMonthOfNextDay" time="0"/>
  <testcase name="testGetMonthOfNextDay[18] on testGetMonthOfNextDay[18](junit.ComputeDateTest_getMonthOfNextDay)" classname="junit.ComputeDateTest_getMonthOfNextDay" time="0"/>
  <testcase name="testGetMonthOfNextDay[19] on testGetMonthOfNextDay[19](junit.ComputeDateTest_getMonthOfNextDay)" classname="junit.ComputeDateTest_getMonthOfNextDay" time="0.005"/>
  <testcase name="testGetMonthOfNextDay[20] on testGetMonthOfNextDay[20](junit.ComputeDateTest_getMonthOfNextDay)" classname="junit.ComputeDateTest_getMonthOfNextDay" time="0"/>
  <testcase name="testGetMonthOfNextDay[21] on testGetMonthOfNextDay[21](junit.ComputeDateTest_getMonthOfNextDay)" classname="junit.ComputeDateTest_getMonthOfNextDay" time="0.002"/>
  <testcase name="testGetMonthOfNextDay[22] on testGetMonthOfNextDay[22](junit.ComputeDateTest_getMonthOfNextDay)" classname="junit.ComputeDateTest_getMonthOfNextDay" time="0.002"/>
  <testcase name="testGetMonthOfNextDay[23] on testGetMonthOfNextDay[23](junit.ComputeDateTest_getMonthOfNextDay)" classname="junit.ComputeDateTest_getMonthOfNextDay" time="0.002"/>
  <testcase name="testGetMonthOfNextDay[24] on testGetMonthOfNextDay[24](junit.ComputeDateTest_getMonthOfNextDay)" classname="junit.ComputeDateTest_getMonthOfNextDay" time="0.015"/>
  <testcase name="testGetMonthOfNextDay[25] on testGetMonthOfNextDay[25](junit.ComputeDateTest_getMonthOfNextDay)" classname="junit.ComputeDateTest_getMonthOfNextDay" time="0.012"/>
  <testcase name="testGetMonthOfNextDay[26] on testGetMonthOfNextDay[26](junit.ComputeDateTest_getMonthOfNextDay)" classname="junit.ComputeDateTest_getMonthOfNextDay" time="0.001"/>
  <testcase name="testGetMonthOfNextDay[27] on testGetMonthOfNextDay[27](junit.ComputeDateTest_getMonthOfNextDay)" classname="junit.ComputeDateTest_getMonthOfNextDay" time="0.001"/>
  <testcase name="testGetMonthOfNextDay[28] on testGetMonthOfNextDay[28](junit.ComputeDateTest_getMonthOfNextDay)" classname="junit.ComputeDateTest_getMonthOfNextDay" time="0.001"/>
  <testcase name="testGetMonthOfNextDay[29] on testGetMonthOfNextDay[29](junit.ComputeDateTest_getMonthOfNextDay)" classname="junit.ComputeDateTest_getMonthOfNextDay" time="0"/>
  <testcase name="testGetMonthOfNextDay[30] on testGetMonthOfNextDay[30](junit.ComputeDateTest_getMonthOfNextDay)" classname="junit.ComputeDateTest_getMonthOfNextDay" time="0"/>
  <testcase name="testGetMonthOfNextDay[31] on testGetMonthOfNextDay[31](junit.ComputeDateTest_getMonthOfNextDay)" classname="junit.ComputeDateTest_getMonthOfNextDay" time="0.001"/>
  <testcase name="testGetMonthOfNextDay[32] on testGetMonthOfNextDay[32](junit.ComputeDateTest_getMonthOfNextDay)" classname="junit.ComputeDateTest_getMonthOfNextDay" time="0.001"/>
  <testcase name="testGetMonthOfNextDay[33] on testGetMonthOfNextDay[33](junit.ComputeDateTest_getMonthOfNextDay)" classname="junit.ComputeDateTest_getMonthOfNextDay" time="0.002"/>
  <testcase name="testGetMonthOfNextDay[34] on testGetMonthOfNextDay[34](junit.ComputeDateTest_getMonthOfNextDay)" classname="junit.ComputeDateTest_getMonthOfNextDay" time="0.003"/>
  <testcase name="testGetMonthOfNextDay[35] on testGetMonthOfNextDay[35](junit.ComputeDateTest_getMonthOfNextDay)" classname="junit.ComputeDateTest_getMonthOfNextDay" time="0.003"/>
  <testcase name="testGetMonthOfNextDay[36] on testGetMonthOfNextDay[36](junit.ComputeDateTest_getMonthOfNextDay)" classname="junit.ComputeDateTest_getMonthOfNextDay" time="0.006"/>
  <testcase name="testGetMonthOfNextDay[37] on testGetMonthOfNextDay[37](junit.ComputeDateTest_getMonthOfNextDay)" classname="junit.ComputeDateTest_getMonthOfNextDay" time="0"/>
  <testcase name="testGetMonthOfNextDay[38] on testGetMonthOfNextDay[38](junit.ComputeDateTest_getMonthOfNextDay)" classname="junit.ComputeDateTest_getMonthOfNextDay" time="0.001"/>
  <testcase name="testGetMonthOfNextDay[39] on testGetMonthOfNextDay[39](junit.ComputeDateTest_getMonthOfNextDay)" classname="junit.ComputeDateTest_getMonthOfNextDay" time="0.001"/>
  <testcase name="testGetMonthOfNextDay[40] on testGetMonthOfNextDay[40](junit.ComputeDateTest_getMonthOfNextDay)" classname="junit.ComputeDateTest_getMonthOfNextDay" time="0"/>
  <testcase name="testGetMonthOfNextDay[41] on testGetMonthOfNextDay[41](junit.ComputeDateTest_getMonthOfNextDay)" classname="junit.ComputeDateTest_getMonthOfNextDay" time="0.001"/>
</testsuite>