<?xml version="1.0" encoding="UTF-8"?>
<testng-results skipped="0" failed="0" total="35" passed="35">
  <reporter-output>
  </reporter-output>
  <suite name="Suite" duration-ms="434" started-at="2018-12-31T10:35:00Z" finished-at="2018-12-31T10:35:00Z">
    <groups>
    </groups>
    <test name="JUnitTests" duration-ms="434" started-at="2018-12-31T10:35:00Z" finished-at="2018-12-31T10:35:00Z">
      <class name="junit.ComputeDateTest_testGetDateOfNextDay">
        <test-method status="PASS" signature="testGetDateOfNextDay()[pri:0, instance:testGetDateOfNextDay[0](junit.ComputeDateTest_testGetDateOfNextDay)]" name="testGetDateOfNextDay[0]" duration-ms="109" started-at="2018-12-31T18:35:00Z" finished-at="2018-12-31T18:35:00Z">
          <reporter-output>
          </reporter-output>
        </test-method> <!-- testGetDateOfNextDay[0] -->
        <test-method status="PASS" signature="testGetDateOfNextDay()[pri:0, instance:testGetDateOfNextDay[1](junit.ComputeDateTest_testGetDateOfNextDay)]" name="testGetDateOfNextDay[1]" duration-ms="5" started-at="2018-12-31T18:35:00Z" finished-at="2018-12-31T18:35:00Z">
          <reporter-output>
          </reporter-output>
        </test-method> <!-- testGetDateOfNextDay[1] -->
        <test-method status="PASS" signature="testGetDateOfNextDay()[pri:0, instance:testGetDateOfNextDay[2](junit.ComputeDateTest_testGetDateOfNextDay)]" name="testGetDateOfNextDay[2]" duration-ms="4" started-at="2018-12-31T18:35:00Z" finished-at="2018-12-31T18:35:00Z">
          <reporter-output>
          </reporter-output>
        </test-method> <!-- testGetDateOfNextDay[2] -->
        <test-method status="PASS" signature="testGetDateOfNextDay()[pri:0, instance:testGetDateOfNextDay[3](junit.ComputeDateTest_testGetDateOfNextDay)]" name="testGetDateOfNextDay[3]" duration-ms="4" started-at="2018-12-31T18:35:00Z" finished-at="2018-12-31T18:35:00Z">
          <reporter-output>
          </reporter-output>
        </test-method> <!-- testGetDateOfNextDay[3] -->
        <test-method status="PASS" signature="testGetDateOfNextDay()[pri:0, instance:testGetDateOfNextDay[4](junit.ComputeDateTest_testGetDateOfNextDay)]" name="testGetDateOfNextDay[4]" duration-ms="4" started-at="2018-12-31T18:35:00Z" finished-at="2018-12-31T18:35:00Z">
          <reporter-output>
          </reporter-output>
        </test-method> <!-- testGetDateOfNextDay[4] -->
        <test-method status="PASS" signature="testGetDateOfNextDay()[pri:0, instance:testGetDateOfNextDay[5](junit.ComputeDateTest_testGetDateOfNextDay)]" name="testGetDateOfNextDay[5]" duration-ms="3" started-at="2018-12-31T18:35:00Z" finished-at="2018-12-31T18:35:00Z">
          <reporter-output>
          </reporter-output>
        </test-method> <!-- testGetDateOfNextDay[5] -->
        <test-method status="PASS" signature="testGetDateOfNextDay()[pri:0, instance:testGetDateOfNextDay[6](junit.ComputeDateTest_testGetDateOfNextDay)]" name="testGetDateOfNextDay[6]" duration-ms="3" started-at="2018-12-31T18:35:00Z" finished-at="2018-12-31T18:35:00Z">
          <reporter-output>
          </reporter-output>
        </test-method> <!-- testGetDateOfNextDay[6] -->
        <test-method status="PASS" signature="testGetDateOfNextDay()[pri:0, instance:testGetDateOfNextDay[7](junit.ComputeDateTest_testGetDateOfNextDay)]" name="testGetDateOfNextDay[7]" duration-ms="5" started-at="2018-12-31T18:35:00Z" finished-at="2018-12-31T18:35:00Z">
          <reporter-output>
          </reporter-output>
        </test-method> <!-- testGetDateOfNextDay[7] -->
        <test-method status="PASS" signature="testGetDateOfNextDay()[pri:0, instance:testGetDateOfNextDay[8](junit.ComputeDateTest_testGetDateOfNextDay)]" name="testGetDateOfNextDay[8]" duration-ms="3" started-at="2018-12-31T18:35:00Z" finished-at="2018-12-31T18:35:00Z">
          <reporter-output>
          </reporter-output>
        </test-method> <!-- testGetDateOfNextDay[8] -->
        <test-method status="PASS" signature="testGetDateOfNextDay()[pri:0, instance:testGetDateOfNextDay[9](junit.ComputeDateTest_testGetDateOfNextDay)]" name="testGetDateOfNextDay[9]" duration-ms="4" started-at="2018-12-31T18:35:00Z" finished-at="2018-12-31T18:35:00Z">
          <reporter-output>
          </reporter-output>
        </test-method> <!-- testGetDateOfNextDay[9] -->
        <test-method status="PASS" signature="testGetDateOfNextDay()[pri:0, instance:testGetDateOfNextDay[10](junit.ComputeDateTest_testGetDateOfNextDay)]" name="testGetDateOfNextDay[10]" duration-ms="4" started-at="2018-12-31T18:35:00Z" finished-at="2018-12-31T18:35:00Z">
          <reporter-output>
          </reporter-output>
        </test-method> <!-- testGetDateOfNextDay[10] -->
        <test-method status="PASS" signature="testGetDateOfNextDay()[pri:0, instance:testGetDateOfNextDay[11](junit.ComputeDateTest_testGetDateOfNextDay)]" name="testGetDateOfNextDay[11]" duration-ms="3" started-at="2018-12-31T18:35:00Z" finished-at="2018-12-31T18:35:00Z">
          <reporter-output>
          </reporter-output>
        </test-method> <!-- testGetDateOfNextDay[11] -->
        <test-method status="PASS" signature="testGetDateOfNextDay()[pri:0, instance:testGetDateOfNextDay[12](junit.ComputeDateTest_testGetDateOfNextDay)]" name="testGetDateOfNextDay[12]" duration-ms="3" started-at="2018-12-31T18:35:00Z" finished-at="2018-12-31T18:35:00Z">
          <reporter-output>
          </reporter-output>
        </test-method> <!-- testGetDateOfNextDay[12] -->
        <test-method status="PASS" signature="testGetDateOfNextDay()[pri:0, instance:testGetDateOfNextDay[13](junit.ComputeDateTest_testGetDateOfNextDay)]" name="testGetDateOfNextDay[13]" duration-ms="4" started-at="2018-12-31T18:35:00Z" finished-at="2018-12-31T18:35:00Z">
          <reporter-output>
          </reporter-output>
        </test-method> <!-- testGetDateOfNextDay[13] -->
        <test-method status="PASS" signature="testGetDateOfNextDay()[pri:0, instance:testGetDateOfNextDay[14](junit.ComputeDateTest_testGetDateOfNextDay)]" name="testGetDateOfNextDay[14]" duration-ms="3" started-at="2018-12-31T18:35:00Z" finished-at="2018-12-31T18:35:00Z">
          <reporter-output>
          </reporter-output>
        </test-method> <!-- testGetDateOfNextDay[14] -->
        <test-method status="PASS" signature="testGetDateOfNextDay()[pri:0, instance:testGetDateOfNextDay[15](junit.ComputeDateTest_testGetDateOfNextDay)]" name="testGetDateOfNextDay[15]" duration-ms="4" started-at="2018-12-31T18:35:00Z" finished-at="2018-12-31T18:35:00Z">
          <reporter-output>
          </reporter-output>
        </test-method> <!-- testGetDateOfNextDay[15] -->
        <test-method status="PASS" signature="testGetDateOfNextDay()[pri:0, instance:testGetDateOfNextDay[16](junit.ComputeDateTest_testGetDateOfNextDay)]" name="testGetDateOfNextDay[16]" duration-ms="10" started-at="2018-12-31T18:35:00Z" finished-at="2018-12-31T18:35:00Z">
          <reporter-output>
          </reporter-output>
        </test-method> <!-- testGetDateOfNextDay[16] -->
        <test-method status="PASS" signature="testGetDateOfNextDay()[pri:0, instance:testGetDateOfNextDay[17](junit.ComputeDateTest_testGetDateOfNextDay)]" name="testGetDateOfNextDay[17]" duration-ms="3" started-at="2018-12-31T18:35:00Z" finished-at="2018-12-31T18:35:00Z">
          <reporter-output>
          </reporter-output>
        </test-method> <!-- testGetDateOfNextDay[17] -->
        <test-method status="PASS" signature="testGetDateOfNextDay()[pri:0, instance:testGetDateOfNextDay[18](junit.ComputeDateTest_testGetDateOfNextDay)]" name="testGetDateOfNextDay[18]" duration-ms="5" started-at="2018-12-31T18:35:00Z" finished-at="2018-12-31T18:35:00Z">
          <reporter-output>
          </reporter-output>
        </test-method> <!-- testGetDateOfNextDay[18] -->
        <test-method status="PASS" signature="testGetDateOfNextDay()[pri:0, instance:testGetDateOfNextDay[19](junit.ComputeDateTest_testGetDateOfNextDay)]" name="testGetDateOfNextDay[19]" duration-ms="9" started-at="2018-12-31T18:35:00Z" finished-at="2018-12-31T18:35:00Z">
          <reporter-output>
          </reporter-output>
        </test-method> <!-- testGetDateOfNextDay[19] -->
        <test-method status="PASS" signature="testGetDateOfNextDay()[pri:0, instance:testGetDateOfNextDay[20](junit.ComputeDateTest_testGetDateOfNextDay)]" name="testGetDateOfNextDay[20]" duration-ms="4" started-at="2018-12-31T18:35:00Z" finished-at="2018-12-31T18:35:00Z">
          <reporter-output>
          </reporter-output>
        </test-method> <!-- testGetDateOfNextDay[20] -->
        <test-method status="PASS" signature="testGetDateOfNextDay()[pri:0, instance:testGetDateOfNextDay[21](junit.ComputeDateTest_testGetDateOfNextDay)]" name="testGetDateOfNextDay[21]" duration-ms="4" started-at="2018-12-31T18:35:00Z" finished-at="2018-12-31T18:35:00Z">
          <reporter-output>
          </reporter-output>
        </test-method> <!-- testGetDateOfNextDay[21] -->
        <test-method status="PASS" signature="testGetDateOfNextDay()[pri:0, instance:testGetDateOfNextDay[22](junit.ComputeDateTest_testGetDateOfNextDay)]" name="testGetDateOfNextDay[22]" duration-ms="3" started-at="2018-12-31T18:35:00Z" finished-at="2018-12-31T18:35:00Z">
          <reporter-output>
          </reporter-output>
        </test-method> <!-- testGetDateOfNextDay[22] -->
        <test-method status="PASS" signature="testGetDateOfNextDay()[pri:0, instance:testGetDateOfNextDay[23](junit.ComputeDateTest_testGetDateOfNextDay)]" name="testGetDateOfNextDay[23]" duration-ms="3" started-at="2018-12-31T18:35:00Z" finished-at="2018-12-31T18:35:00Z">
          <reporter-output>
          </reporter-output>
        </test-method> <!-- testGetDateOfNextDay[23] -->
        <test-method status="PASS" signature="testGetDateOfNextDay()[pri:0, instance:testGetDateOfNextDay[24](junit.ComputeDateTest_testGetDateOfNextDay)]" name="testGetDateOfNextDay[24]" duration-ms="3" started-at="2018-12-31T18:35:00Z" finished-at="2018-12-31T18:35:00Z">
          <reporter-output>
          </reporter-output>
        </test-method> <!-- testGetDateOfNextDay[24] -->
        <test-method status="PASS" signature="testGetDateOfNextDay()[pri:0, instance:testGetDateOfNextDay[25](junit.ComputeDateTest_testGetDateOfNextDay)]" name="testGetDateOfNextDay[25]" duration-ms="3" started-at="2018-12-31T18:35:00Z" finished-at="2018-12-31T18:35:00Z">
          <reporter-output>
          </reporter-output>
        </test-method> <!-- testGetDateOfNextDay[25] -->
        <test-method status="PASS" signature="testGetDateOfNextDay()[pri:0, instance:testGetDateOfNextDay[26](junit.ComputeDateTest_testGetDateOfNextDay)]" name="testGetDateOfNextDay[26]" duration-ms="9" started-at="2018-12-31T18:35:00Z" finished-at="2018-12-31T18:35:00Z">
          <reporter-output>
          </reporter-output>
        </test-method> <!-- testGetDateOfNextDay[26] -->
        <test-method status="PASS" signature="testGetDateOfNextDay()[pri:0, instance:testGetDateOfNextDay[27](junit.ComputeDateTest_testGetDateOfNextDay)]" name="testGetDateOfNextDay[27]" duration-ms="2" started-at="2018-12-31T18:35:00Z" finished-at="2018-12-31T18:35:00Z">
          <reporter-output>
          </reporter-output>
        </test-method> <!-- testGetDateOfNextDay[27] -->
        <test-method status="PASS" signature="testGetDateOfNextDay()[pri:0, instance:testGetDateOfNextDay[28](junit.ComputeDateTest_testGetDateOfNextDay)]" name="testGetDateOfNextDay[28]" duration-ms="2" started-at="2018-12-31T18:35:00Z" finished-at="2018-12-31T18:35:00Z">
          <reporter-output>
          </reporter-output>
        </test-method> <!-- testGetDateOfNextDay[28] -->
        <test-method status="PASS" signature="testGetDateOfNextDay()[pri:0, instance:testGetDateOfNextDay[29](junit.ComputeDateTest_testGetDateOfNextDay)]" name="testGetDateOfNextDay[29]" duration-ms="1" started-at="2018-12-31T18:35:00Z" finished-at="2018-12-31T18:35:00Z">
          <reporter-output>
          </reporter-output>
        </test-method> <!-- testGetDateOfNextDay[29] -->
        <test-method status="PASS" signature="testGetDateOfNextDay()[pri:0, instance:testGetDateOfNextDay[30](junit.ComputeDateTest_testGetDateOfNextDay)]" name="testGetDateOfNextDay[30]" duration-ms="2" started-at="2018-12-31T18:35:00Z" finished-at="2018-12-31T18:35:00Z">
          <reporter-output>
          </reporter-output>
        </test-method> <!-- testGetDateOfNextDay[30] -->
        <test-method status="PASS" signature="testGetDateOfNextDay()[pri:0, instance:testGetDateOfNextDay[31](junit.ComputeDateTest_testGetDateOfNextDay)]" name="testGetDateOfNextDay[31]" duration-ms="11" started-at="2018-12-31T18:35:00Z" finished-at="2018-12-31T18:35:00Z">
          <reporter-output>
          </reporter-output>
        </test-method> <!-- testGetDateOfNextDay[31] -->
        <test-method status="PASS" signature="testGetDateOfNextDay()[pri:0, instance:testGetDateOfNextDay[32](junit.ComputeDateTest_testGetDateOfNextDay)]" name="testGetDateOfNextDay[32]" duration-ms="1" started-at="2018-12-31T18:35:00Z" finished-at="2018-12-31T18:35:00Z">
          <reporter-output>
          </reporter-output>
        </test-method> <!-- testGetDateOfNextDay[32] -->
        <test-method status="PASS" signature="testGetDateOfNextDay()[pri:0, instance:testGetDateOfNextDay[33](junit.ComputeDateTest_testGetDateOfNextDay)]" name="testGetDateOfNextDay[33]" duration-ms="2" started-at="2018-12-31T18:35:00Z" finished-at="2018-12-31T18:35:00Z">
          <reporter-output>
          </reporter-output>
        </test-method> <!-- testGetDateOfNextDay[33] -->
        <test-method status="PASS" signature="testGetDateOfNextDay()[pri:0, instance:testGetDateOfNextDay[34](junit.ComputeDateTest_testGetDateOfNextDay)]" name="testGetDateOfNextDay[34]" duration-ms="2" started-at="2018-12-31T18:35:00Z" finished-at="2018-12-31T18:35:00Z">
          <reporter-output>
          </reporter-output>
        </test-method> <!-- testGetDateOfNextDay[34] -->
      </class> <!-- junit.ComputeDateTest_testGetDateOfNextDay -->
    </test> <!-- JUnitTests -->
  </suite> <!-- Suite -->
</testng-results>
