<?xml version="1.0" encoding="UTF-8"?>
<testng-results skipped="0" failed="0" total="54" passed="54">
  <reporter-output>
  </reporter-output>
  <suite name="Suite" duration-ms="9729" started-at="2018-12-27T09:08:24Z" finished-at="2018-12-27T09:08:34Z">
    <groups>
    </groups>
    <test name="Test" duration-ms="9162" started-at="2018-12-27T09:08:24Z" finished-at="2018-12-27T09:08:33Z">
      <class name="testng.HomePageTest">
        <test-method status="PASS" signature="testEasy()[pri:0, instance:testng.HomePageTest@52a86356]" name="testEasy" duration-ms="1113" started-at="2018-12-27T17:08:30Z" finished-at="2018-12-27T17:08:31Z">
          <reporter-output>
          </reporter-output>
        </test-method> <!-- testEasy -->
      </class> <!-- testng.HomePageTest -->
      <class name="testng.BaiduTest">
        <test-method status="PASS" signature="beforeTest()[pri:0, instance:testng.BaiduTest@64bf3bbf]" name="beforeTest" is-config="true" duration-ms="2868" started-at="2018-12-27T17:08:24Z" finished-at="2018-12-27T17:08:27Z">
          <reporter-output>
          </reporter-output>
        </test-method> <!-- beforeTest -->
        <test-method status="PASS" signature="beforeTest()[pri:0, instance:testng.HomePageTest@52a86356]" name="beforeTest" is-config="true" duration-ms="2231" started-at="2018-12-27T17:08:27Z" finished-at="2018-12-27T17:08:29Z">
          <reporter-output>
          </reporter-output>
        </test-method> <!-- beforeTest -->
        <test-method status="PASS" signature="testEasy()[pri:0, instance:testng.BaiduTest@64bf3bbf]" name="testEasy" duration-ms="1131" started-at="2018-12-27T17:08:29Z" finished-at="2018-12-27T17:08:30Z">
          <reporter-output>
          </reporter-output>
        </test-method> <!-- testEasy -->
        <test-method status="PASS" signature="afterTest()[pri:0, instance:testng.BaiduTest@64bf3bbf]" name="afterTest" is-config="true" duration-ms="991" started-at="2018-12-27T17:08:31Z" finished-at="2018-12-27T17:08:32Z">
          <reporter-output>
          </reporter-output>
        </test-method> <!-- afterTest -->
        <test-method status="PASS" signature="afterTest()[pri:0, instance:testng.HomePageTest@52a86356]" name="afterTest" is-config="true" duration-ms="815" started-at="2018-12-27T17:08:32Z" finished-at="2018-12-27T17:08:33Z">
          <reporter-output>
          </reporter-output>
        </test-method> <!-- afterTest -->
      </class> <!-- testng.BaiduTest -->
    </test> <!-- Test -->
    <test name="JUnitTests" duration-ms="537" started-at="2018-12-27T09:08:33Z" finished-at="2018-12-27T09:08:34Z">
      <class name="junit.ComputeDateTest">
        <test-method status="PASS" signature="testGetYearOfNextDay()[pri:0, instance:testGetYearOfNextDay[0](junit.ComputeDateTest)]" name="testGetYearOfNextDay[0]" duration-ms="109" started-at="2018-12-27T17:08:33Z" finished-at="2018-12-27T17:08:33Z">
          <reporter-output>
          </reporter-output>
        </test-method> <!-- testGetYearOfNextDay[0] -->
        <test-method status="PASS" signature="testGetYearOfNextDay()[pri:0, instance:testGetYearOfNextDay[1](junit.ComputeDateTest)]" name="testGetYearOfNextDay[1]" duration-ms="18" started-at="2018-12-27T17:08:33Z" finished-at="2018-12-27T17:08:33Z">
          <reporter-output>
          </reporter-output>
        </test-method> <!-- testGetYearOfNextDay[1] -->
        <test-method status="PASS" signature="testGetYearOfNextDay()[pri:0, instance:testGetYearOfNextDay[2](junit.ComputeDateTest)]" name="testGetYearOfNextDay[2]" duration-ms="30" started-at="2018-12-27T17:08:33Z" finished-at="2018-12-27T17:08:33Z">
          <reporter-output>
          </reporter-output>
        </test-method> <!-- testGetYearOfNextDay[2] -->
        <test-method status="PASS" signature="testGetYearOfNextDay()[pri:0, instance:testGetYearOfNextDay[3](junit.ComputeDateTest)]" name="testGetYearOfNextDay[3]" duration-ms="10" started-at="2018-12-27T17:08:33Z" finished-at="2018-12-27T17:08:33Z">
          <reporter-output>
          </reporter-output>
        </test-method> <!-- testGetYearOfNextDay[3] -->
        <test-method status="PASS" signature="testGetYearOfNextDay()[pri:0, instance:testGetYearOfNextDay[4](junit.ComputeDateTest)]" name="testGetYearOfNextDay[4]" duration-ms="16" started-at="2018-12-27T17:08:33Z" finished-at="2018-12-27T17:08:33Z">
          <reporter-output>
          </reporter-output>
        </test-method> <!-- testGetYearOfNextDay[4] -->
        <test-method status="PASS" signature="testGetYearOfNextDay()[pri:0, instance:testGetYearOfNextDay[5](junit.ComputeDateTest)]" name="testGetYearOfNextDay[5]" duration-ms="5" started-at="2018-12-27T17:08:33Z" finished-at="2018-12-27T17:08:33Z">
          <reporter-output>
          </reporter-output>
        </test-method> <!-- testGetYearOfNextDay[5] -->
        <test-method status="PASS" signature="testGetYearOfNextDay()[pri:0, instance:testGetYearOfNextDay[6](junit.ComputeDateTest)]" name="testGetYearOfNextDay[6]" duration-ms="4" started-at="2018-12-27T17:08:34Z" finished-at="2018-12-27T17:08:34Z">
          <reporter-output>
          </reporter-output>
        </test-method> <!-- testGetYearOfNextDay[6] -->
        <test-method status="PASS" signature="testGetYearOfNextDay()[pri:0, instance:testGetYearOfNextDay[7](junit.ComputeDateTest)]" name="testGetYearOfNextDay[7]" duration-ms="5" started-at="2018-12-27T17:08:34Z" finished-at="2018-12-27T17:08:34Z">
          <reporter-output>
          </reporter-output>
        </test-method> <!-- testGetYearOfNextDay[7] -->
        <test-method status="PASS" signature="testGetYearOfNextDay()[pri:0, instance:testGetYearOfNextDay[8](junit.ComputeDateTest)]" name="testGetYearOfNextDay[8]" duration-ms="5" started-at="2018-12-27T17:08:34Z" finished-at="2018-12-27T17:08:34Z">
          <reporter-output>
          </reporter-output>
        </test-method> <!-- testGetYearOfNextDay[8] -->
        <test-method status="PASS" signature="testGetYearOfNextDay()[pri:0, instance:testGetYearOfNextDay[9](junit.ComputeDateTest)]" name="testGetYearOfNextDay[9]" duration-ms="6" started-at="2018-12-27T17:08:34Z" finished-at="2018-12-27T17:08:34Z">
          <reporter-output>
          </reporter-output>
        </test-method> <!-- testGetYearOfNextDay[9] -->
        <test-method status="PASS" signature="testGetYearOfNextDay()[pri:0, instance:testGetYearOfNextDay[10](junit.ComputeDateTest)]" name="testGetYearOfNextDay[10]" duration-ms="8" started-at="2018-12-27T17:08:34Z" finished-at="2018-12-27T17:08:34Z">
          <reporter-output>
          </reporter-output>
        </test-method> <!-- testGetYearOfNextDay[10] -->
        <test-method status="PASS" signature="testGetYearOfNextDay()[pri:0, instance:testGetYearOfNextDay[11](junit.ComputeDateTest)]" name="testGetYearOfNextDay[11]" duration-ms="4" started-at="2018-12-27T17:08:34Z" finished-at="2018-12-27T17:08:34Z">
          <reporter-output>
          </reporter-output>
        </test-method> <!-- testGetYearOfNextDay[11] -->
        <test-method status="PASS" signature="testGetYearOfNextDay()[pri:0, instance:testGetYearOfNextDay[12](junit.ComputeDateTest)]" name="testGetYearOfNextDay[12]" duration-ms="5" started-at="2018-12-27T17:08:34Z" finished-at="2018-12-27T17:08:34Z">
          <reporter-output>
          </reporter-output>
        </test-method> <!-- testGetYearOfNextDay[12] -->
        <test-method status="PASS" signature="testGetYearOfNextDay()[pri:0, instance:testGetYearOfNextDay[13](junit.ComputeDateTest)]" name="testGetYearOfNextDay[13]" duration-ms="6" started-at="2018-12-27T17:08:34Z" finished-at="2018-12-27T17:08:34Z">
          <reporter-output>
          </reporter-output>
        </test-method> <!-- testGetYearOfNextDay[13] -->
        <test-method status="PASS" signature="testGetYearOfNextDay()[pri:0, instance:testGetYearOfNextDay[14](junit.ComputeDateTest)]" name="testGetYearOfNextDay[14]" duration-ms="4" started-at="2018-12-27T17:08:34Z" finished-at="2018-12-27T17:08:34Z">
          <reporter-output>
          </reporter-output>
        </test-method> <!-- testGetYearOfNextDay[14] -->
        <test-method status="PASS" signature="testGetYearOfNextDay()[pri:0, instance:testGetYearOfNextDay[15](junit.ComputeDateTest)]" name="testGetYearOfNextDay[15]" duration-ms="4" started-at="2018-12-27T17:08:34Z" finished-at="2018-12-27T17:08:34Z">
          <reporter-output>
          </reporter-output>
        </test-method> <!-- testGetYearOfNextDay[15] -->
        <test-method status="PASS" signature="testGetYearOfNextDay()[pri:0, instance:testGetYearOfNextDay[16](junit.ComputeDateTest)]" name="testGetYearOfNextDay[16]" duration-ms="3" started-at="2018-12-27T17:08:34Z" finished-at="2018-12-27T17:08:34Z">
          <reporter-output>
          </reporter-output>
        </test-method> <!-- testGetYearOfNextDay[16] -->
        <test-method status="PASS" signature="testGetYearOfNextDay()[pri:0, instance:testGetYearOfNextDay[17](junit.ComputeDateTest)]" name="testGetYearOfNextDay[17]" duration-ms="3" started-at="2018-12-27T17:08:34Z" finished-at="2018-12-27T17:08:34Z">
          <reporter-output>
          </reporter-output>
        </test-method> <!-- testGetYearOfNextDay[17] -->
        <test-method status="PASS" signature="testGetYearOfNextDay()[pri:0, instance:testGetYearOfNextDay[18](junit.ComputeDateTest)]" name="testGetYearOfNextDay[18]" duration-ms="3" started-at="2018-12-27T17:08:34Z" finished-at="2018-12-27T17:08:34Z">
          <reporter-output>
          </reporter-output>
        </test-method> <!-- testGetYearOfNextDay[18] -->
        <test-method status="PASS" signature="testGetYearOfNextDay()[pri:0, instance:testGetYearOfNextDay[19](junit.ComputeDateTest)]" name="testGetYearOfNextDay[19]" duration-ms="3" started-at="2018-12-27T17:08:34Z" finished-at="2018-12-27T17:08:34Z">
          <reporter-output>
          </reporter-output>
        </test-method> <!-- testGetYearOfNextDay[19] -->
        <test-method status="PASS" signature="testGetYearOfNextDay()[pri:0, instance:testGetYearOfNextDay[20](junit.ComputeDateTest)]" name="testGetYearOfNextDay[20]" duration-ms="2" started-at="2018-12-27T17:08:34Z" finished-at="2018-12-27T17:08:34Z">
          <reporter-output>
          </reporter-output>
        </test-method> <!-- testGetYearOfNextDay[20] -->
        <test-method status="PASS" signature="testGetYearOfNextDay()[pri:0, instance:testGetYearOfNextDay[21](junit.ComputeDateTest)]" name="testGetYearOfNextDay[21]" duration-ms="2" started-at="2018-12-27T17:08:34Z" finished-at="2018-12-27T17:08:34Z">
          <reporter-output>
          </reporter-output>
        </test-method> <!-- testGetYearOfNextDay[21] -->
        <test-method status="PASS" signature="testGetYearOfNextDay()[pri:0, instance:testGetYearOfNextDay[22](junit.ComputeDateTest)]" name="testGetYearOfNextDay[22]" duration-ms="2" started-at="2018-12-27T17:08:34Z" finished-at="2018-12-27T17:08:34Z">
          <reporter-output>
          </reporter-output>
        </test-method> <!-- testGetYearOfNextDay[22] -->
        <test-method status="PASS" signature="testGetYearOfNextDay()[pri:0, instance:testGetYearOfNextDay[23](junit.ComputeDateTest)]" name="testGetYearOfNextDay[23]" duration-ms="3" started-at="2018-12-27T17:08:34Z" finished-at="2018-12-27T17:08:34Z">
          <reporter-output>
          </reporter-output>
        </test-method> <!-- testGetYearOfNextDay[23] -->
        <test-method status="PASS" signature="testGetYearOfNextDay()[pri:0, instance:testGetYearOfNextDay[24](junit.ComputeDateTest)]" name="testGetYearOfNextDay[24]" duration-ms="1" started-at="2018-12-27T17:08:34Z" finished-at="2018-12-27T17:08:34Z">
          <reporter-output>
          </reporter-output>
        </test-method> <!-- testGetYearOfNextDay[24] -->
        <test-method status="PASS" signature="testGetYearOfNextDay()[pri:0, instance:testGetYearOfNextDay[25](junit.ComputeDateTest)]" name="testGetYearOfNextDay[25]" duration-ms="1" started-at="2018-12-27T17:08:34Z" finished-at="2018-12-27T17:08:34Z">
          <reporter-output>
          </reporter-output>
        </test-method> <!-- testGetYearOfNextDay[25] -->
        <test-method status="PASS" signature="testGetYearOfNextDay()[pri:0, instance:testGetYearOfNextDay[26](junit.ComputeDateTest)]" name="testGetYearOfNextDay[26]" duration-ms="5" started-at="2018-12-27T17:08:34Z" finished-at="2018-12-27T17:08:34Z">
          <reporter-output>
          </reporter-output>
        </test-method> <!-- testGetYearOfNextDay[26] -->
        <test-method status="PASS" signature="testGetYearOfNextDay()[pri:0, instance:testGetYearOfNextDay[27](junit.ComputeDateTest)]" name="testGetYearOfNextDay[27]" duration-ms="1" started-at="2018-12-27T17:08:34Z" finished-at="2018-12-27T17:08:34Z">
          <reporter-output>
          </reporter-output>
        </test-method> <!-- testGetYearOfNextDay[27] -->
        <test-method status="PASS" signature="testGetYearOfNextDay()[pri:0, instance:testGetYearOfNextDay[28](junit.ComputeDateTest)]" name="testGetYearOfNextDay[28]" duration-ms="8" started-at="2018-12-27T17:08:34Z" finished-at="2018-12-27T17:08:34Z">
          <reporter-output>
          </reporter-output>
        </test-method> <!-- testGetYearOfNextDay[28] -->
        <test-method status="PASS" signature="testGetYearOfNextDay()[pri:0, instance:testGetYearOfNextDay[29](junit.ComputeDateTest)]" name="testGetYearOfNextDay[29]" duration-ms="6" started-at="2018-12-27T17:08:34Z" finished-at="2018-12-27T17:08:34Z">
          <reporter-output>
          </reporter-output>
        </test-method> <!-- testGetYearOfNextDay[29] -->
        <test-method status="PASS" signature="testGetYearOfNextDay()[pri:0, instance:testGetYearOfNextDay[30](junit.ComputeDateTest)]" name="testGetYearOfNextDay[30]" duration-ms="1" started-at="2018-12-27T17:08:34Z" finished-at="2018-12-27T17:08:34Z">
          <reporter-output>
          </reporter-output>
        </test-method> <!-- testGetYearOfNextDay[30] -->
        <test-method status="PASS" signature="testGetYearOfNextDay()[pri:0, instance:testGetYearOfNextDay[31](junit.ComputeDateTest)]" name="testGetYearOfNextDay[31]" duration-ms="3" started-at="2018-12-27T17:08:34Z" finished-at="2018-12-27T17:08:34Z">
          <reporter-output>
          </reporter-output>
        </test-method> <!-- testGetYearOfNextDay[31] -->
        <test-method status="PASS" signature="testGetYearOfNextDay()[pri:0, instance:testGetYearOfNextDay[32](junit.ComputeDateTest)]" name="testGetYearOfNextDay[32]" duration-ms="3" started-at="2018-12-27T17:08:34Z" finished-at="2018-12-27T17:08:34Z">
          <reporter-output>
          </reporter-output>
        </test-method> <!-- testGetYearOfNextDay[32] -->
        <test-method status="PASS" signature="testGetYearOfNextDay()[pri:0, instance:testGetYearOfNextDay[33](junit.ComputeDateTest)]" name="testGetYearOfNextDay[33]" duration-ms="5" started-at="2018-12-27T17:08:34Z" finished-at="2018-12-27T17:08:34Z">
          <reporter-output>
          </reporter-output>
        </test-method> <!-- testGetYearOfNextDay[33] -->
        <test-method status="PASS" signature="testGetYearOfNextDay()[pri:0, instance:testGetYearOfNextDay[34](junit.ComputeDateTest)]" name="testGetYearOfNextDay[34]" duration-ms="3" started-at="2018-12-27T17:08:34Z" finished-at="2018-12-27T17:08:34Z">
          <reporter-output>
          </reporter-output>
        </test-method> <!-- testGetYearOfNextDay[34] -->
        <test-method status="PASS" signature="testGetYearOfNextDay()[pri:0, instance:testGetYearOfNextDay[35](junit.ComputeDateTest)]" name="testGetYearOfNextDay[35]" duration-ms="2" started-at="2018-12-27T17:08:34Z" finished-at="2018-12-27T17:08:34Z">
          <reporter-output>
          </reporter-output>
        </test-method> <!-- testGetYearOfNextDay[35] -->
        <test-method status="PASS" signature="testGetYearOfNextDay()[pri:0, instance:testGetYearOfNextDay[36](junit.ComputeDateTest)]" name="testGetYearOfNextDay[36]" duration-ms="1" started-at="2018-12-27T17:08:34Z" finished-at="2018-12-27T17:08:34Z">
          <reporter-output>
          </reporter-output>
        </test-method> <!-- testGetYearOfNextDay[36] -->
        <test-method status="PASS" signature="testGetYearOfNextDay()[pri:0, instance:testGetYearOfNextDay[37](junit.ComputeDateTest)]" name="testGetYearOfNextDay[37]" duration-ms="1" started-at="2018-12-27T17:08:34Z" finished-at="2018-12-27T17:08:34Z">
          <reporter-output>
          </reporter-output>
        </test-method> <!-- testGetYearOfNextDay[37] -->
        <test-method status="PASS" signature="testGetYearOfNextDay()[pri:0, instance:testGetYearOfNextDay[38](junit.ComputeDateTest)]" name="testGetYearOfNextDay[38]" duration-ms="1" started-at="2018-12-27T17:08:34Z" finished-at="2018-12-27T17:08:34Z">
          <reporter-output>
          </reporter-output>
        </test-method> <!-- testGetYearOfNextDay[38] -->
        <test-method status="PASS" signature="testGetYearOfNextDay()[pri:0, instance:testGetYearOfNextDay[39](junit.ComputeDateTest)]" name="testGetYearOfNextDay[39]" duration-ms="1" started-at="2018-12-27T17:08:34Z" finished-at="2018-12-27T17:08:34Z">
          <reporter-output>
          </reporter-output>
        </test-method> <!-- testGetYearOfNextDay[39] -->
        <test-method status="PASS" signature="testGetYearOfNextDay()[pri:0, instance:testGetYearOfNextDay[40](junit.ComputeDateTest)]" name="testGetYearOfNextDay[40]" duration-ms="1" started-at="2018-12-27T17:08:34Z" finished-at="2018-12-27T17:08:34Z">
          <reporter-output>
          </reporter-output>
        </test-method> <!-- testGetYearOfNextDay[40] -->
        <test-method status="PASS" signature="testGetYearOfNextDay()[pri:0, instance:testGetYearOfNextDay[41](junit.ComputeDateTest)]" name="testGetYearOfNextDay[41]" duration-ms="1" started-at="2018-12-27T17:08:34Z" finished-at="2018-12-27T17:08:34Z">
          <reporter-output>
          </reporter-output>
        </test-method> <!-- testGetYearOfNextDay[41] -->
      </class> <!-- junit.ComputeDateTest -->
      <class name="junit.ValidateTest">
        <test-method status="PASS" signature="testSetMaxDay()[pri:0, instance:testSetMaxDay[0](junit.ValidateTest)]" name="testSetMaxDay[0]" duration-ms="1" started-at="2018-12-27T17:08:34Z" finished-at="2018-12-27T17:08:34Z">
          <reporter-output>
          </reporter-output>
        </test-method> <!-- testSetMaxDay[0] -->
        <test-method status="PASS" signature="testSetMaxDay()[pri:0, instance:testSetMaxDay[2](junit.ValidateTest)]" name="testSetMaxDay[2]" duration-ms="1" started-at="2018-12-27T17:08:34Z" finished-at="2018-12-27T17:08:34Z">
          <reporter-output>
          </reporter-output>
        </test-method> <!-- testSetMaxDay[2] -->
        <test-method status="PASS" signature="testSetMaxDay()[pri:0, instance:testSetMaxDay[1](junit.ValidateTest)]" name="testSetMaxDay[1]" duration-ms="0" started-at="2018-12-27T17:08:34Z" finished-at="2018-12-27T17:08:34Z">
          <reporter-output>
          </reporter-output>
        </test-method> <!-- testSetMaxDay[1] -->
        <test-method status="PASS" signature="testSetMaxDay()[pri:0, instance:testSetMaxDay[3](junit.ValidateTest)]" name="testSetMaxDay[3]" duration-ms="2" started-at="2018-12-27T17:08:34Z" finished-at="2018-12-27T17:08:34Z">
          <reporter-output>
          </reporter-output>
        </test-method> <!-- testSetMaxDay[3] -->
        <test-method status="PASS" signature="testSetMaxDay()[pri:0, instance:testSetMaxDay[4](junit.ValidateTest)]" name="testSetMaxDay[4]" duration-ms="2" started-at="2018-12-27T17:08:34Z" finished-at="2018-12-27T17:08:34Z">
          <reporter-output>
          </reporter-output>
        </test-method> <!-- testSetMaxDay[4] -->
        <test-method status="PASS" signature="testSetMaxDay()[pri:0, instance:testSetMaxDay[5](junit.ValidateTest)]" name="testSetMaxDay[5]" duration-ms="3" started-at="2018-12-27T17:08:34Z" finished-at="2018-12-27T17:08:34Z">
          <reporter-output>
          </reporter-output>
        </test-method> <!-- testSetMaxDay[5] -->
        <test-method status="PASS" signature="testSetMaxDay()[pri:0, instance:testSetMaxDay[6](junit.ValidateTest)]" name="testSetMaxDay[6]" duration-ms="0" started-at="2018-12-27T17:08:34Z" finished-at="2018-12-27T17:08:34Z">
          <reporter-output>
          </reporter-output>
        </test-method> <!-- testSetMaxDay[6] -->
        <test-method status="PASS" signature="testSetMaxDay()[pri:0, instance:testSetMaxDay[7](junit.ValidateTest)]" name="testSetMaxDay[7]" duration-ms="1" started-at="2018-12-27T17:08:34Z" finished-at="2018-12-27T17:08:34Z">
          <reporter-output>
          </reporter-output>
        </test-method> <!-- testSetMaxDay[7] -->
        <test-method status="PASS" signature="testSetMaxDay()[pri:0, instance:testSetMaxDay[8](junit.ValidateTest)]" name="testSetMaxDay[8]" duration-ms="0" started-at="2018-12-27T17:08:34Z" finished-at="2018-12-27T17:08:34Z">
          <reporter-output>
          </reporter-output>
        </test-method> <!-- testSetMaxDay[8] -->
        <test-method status="PASS" signature="testSetMaxDay()[pri:0, instance:testSetMaxDay[9](junit.ValidateTest)]" name="testSetMaxDay[9]" duration-ms="2" started-at="2018-12-27T17:08:34Z" finished-at="2018-12-27T17:08:34Z">
          <reporter-output>
          </reporter-output>
        </test-method> <!-- testSetMaxDay[9] -->
      </class> <!-- junit.ValidateTest -->
    </test> <!-- JUnitTests -->
  </suite> <!-- Suite -->
</testng-results>
