<?xml version="1.0" encoding="UTF-8"?>
<testng-results skipped="0" failed="0" total="1" passed="1">
  <reporter-output>
  </reporter-output>
  <suite name="Suite" duration-ms="5999" started-at="2018-12-26T11:50:12Z" finished-at="2018-12-26T11:50:18Z">
    <groups>
    </groups>
    <test name="Test" duration-ms="5999" started-at="2018-12-26T11:50:12Z" finished-at="2018-12-26T11:50:18Z">
      <class name="testng.NewTest">
        <test-method status="PASS" signature="beforeTest()[pri:0, instance:testng.NewTest@29ca901e]" name="beforeTest" is-config="true" duration-ms="2713" started-at="2018-12-26T19:50:12Z" finished-at="2018-12-26T19:50:15Z">
          <reporter-output>
          </reporter-output>
        </test-method> <!-- beforeTest -->
        <test-method status="PASS" signature="testEasy()[pri:0, instance:testng.NewTest@29ca901e]" name="testEasy" duration-ms="2225" started-at="2018-12-26T19:50:15Z" finished-at="2018-12-26T19:50:17Z">
          <reporter-output>
          </reporter-output>
        </test-method> <!-- testEasy -->
        <test-method status="PASS" signature="afterTest()[pri:0, instance:testng.NewTest@29ca901e]" name="afterTest" is-config="true" duration-ms="1050" started-at="2018-12-26T19:50:17Z" finished-at="2018-12-26T19:50:18Z">
          <reporter-output>
          </reporter-output>
        </test-method> <!-- afterTest -->
      </class> <!-- testng.NewTest -->
    </test> <!-- Test -->
  </suite> <!-- Suite -->
</testng-results>
