<?xml version="1.0" encoding="UTF-8"?>
<!-- Generated by org.testng.reporters.JUnitXMLReporter -->
<testsuite hostname="DESKTOP-ST6BNIN" name="Surefire test" tests="52" failures="0" timestamp="27 Dec 2018 06:24:28 GMT" time="0.393" errors="0">
  <testcase name="testGetYearOfNextDay[0] on testGetYearOfNextDay[0](junit.ComputeDateTest)" time="0.095" classname="junit.ComputeDateTest"/>
  <testcase name="testGetYearOfNextDay[1] on testGetYearOfNextDay[1](junit.ComputeDateTest)" time="0.005" classname="junit.ComputeDateTest"/>
  <testcase name="testGetYearOfNextDay[2] on testGetYearOfNextDay[2](junit.ComputeDateTest)" time="0.005" classname="junit.ComputeDateTest"/>
  <testcase name="testGetYearOfNextDay[3] on testGetYearOfNextDay[3](junit.ComputeDateTest)" time="0.005" classname="junit.ComputeDateTest"/>
  <testcase name="testGetYearOfNextDay[4] on testGetYearOfNextDay[4](junit.ComputeDateTest)" time="0.005" classname="junit.ComputeDateTest"/>
  <testcase name="testGetYearOfNextDay[5] on testGetYearOfNextDay[5](junit.ComputeDateTest)" time="0.005" classname="junit.ComputeDateTest"/>
  <testcase name="testGetYearOfNextDay[6] on testGetYearOfNextDay[6](junit.ComputeDateTest)" time="0.004" classname="junit.ComputeDateTest"/>
  <testcase name="testGetYearOfNextDay[7] on testGetYearOfNextDay[7](junit.ComputeDateTest)" time="0.005" classname="junit.ComputeDateTest"/>
  <testcase name="testGetYearOfNextDay[8] on testGetYearOfNextDay[8](junit.ComputeDateTest)" time="0.005" classname="junit.ComputeDateTest"/>
  <testcase name="testGetYearOfNextDay[9] on testGetYearOfNextDay[9](junit.ComputeDateTest)" time="0.006" classname="junit.ComputeDateTest"/>
  <testcase name="testGetYearOfNextDay[10] on testGetYearOfNextDay[10](junit.ComputeDateTest)" time="0.019" classname="junit.ComputeDateTest"/>
  <testcase name="testGetYearOfNextDay[11] on testGetYearOfNextDay[11](junit.ComputeDateTest)" time="0.004" classname="junit.ComputeDateTest"/>
  <testcase name="testGetYearOfNextDay[12] on testGetYearOfNextDay[12](junit.ComputeDateTest)" time="0.004" classname="junit.ComputeDateTest"/>
  <testcase name="testGetYearOfNextDay[13] on testGetYearOfNextDay[13](junit.ComputeDateTest)" time="0.005" classname="junit.ComputeDateTest"/>
  <testcase name="testGetYearOfNextDay[14] on testGetYearOfNextDay[14](junit.ComputeDateTest)" time="0.004" classname="junit.ComputeDateTest"/>
  <testcase name="testGetYearOfNextDay[15] on testGetYearOfNextDay[15](junit.ComputeDateTest)" time="0.005" classname="junit.ComputeDateTest"/>
  <testcase name="testGetYearOfNextDay[16] on testGetYearOfNextDay[16](junit.ComputeDateTest)" time="0.005" classname="junit.ComputeDateTest"/>
  <testcase name="testGetYearOfNextDay[17] on testGetYearOfNextDay[17](junit.ComputeDateTest)" time="0.004" classname="junit.ComputeDateTest"/>
  <testcase name="testGetYearOfNextDay[18] on testGetYearOfNextDay[18](junit.ComputeDateTest)" time="0.004" classname="junit.ComputeDateTest"/>
  <testcase name="testGetYearOfNextDay[19] on testGetYearOfNextDay[19](junit.ComputeDateTest)" time="0.004" classname="junit.ComputeDateTest"/>
  <testcase name="testGetYearOfNextDay[20] on testGetYearOfNextDay[20](junit.ComputeDateTest)" time="0.004" classname="junit.ComputeDateTest"/>
  <testcase name="testGetYearOfNextDay[21] on testGetYearOfNextDay[21](junit.ComputeDateTest)" time="0.007" classname="junit.ComputeDateTest"/>
  <testcase name="testGetYearOfNextDay[22] on testGetYearOfNextDay[22](junit.ComputeDateTest)" time="0.004" classname="junit.ComputeDateTest"/>
  <testcase name="testGetYearOfNextDay[23] on testGetYearOfNextDay[23](junit.ComputeDateTest)" time="0.004" classname="junit.ComputeDateTest"/>
  <testcase name="testGetYearOfNextDay[24] on testGetYearOfNextDay[24](junit.ComputeDateTest)" time="0.004" classname="junit.ComputeDateTest"/>
  <testcase name="testGetYearOfNextDay[25] on testGetYearOfNextDay[25](junit.ComputeDateTest)" time="0.005" classname="junit.ComputeDateTest"/>
  <testcase name="testGetYearOfNextDay[26] on testGetYearOfNextDay[26](junit.ComputeDateTest)" time="0.005" classname="junit.ComputeDateTest"/>
  <testcase name="testGetYearOfNextDay[27] on testGetYearOfNextDay[27](junit.ComputeDateTest)" time="0.003" classname="junit.ComputeDateTest"/>
  <testcase name="testGetYearOfNextDay[28] on testGetYearOfNextDay[28](junit.ComputeDateTest)" time="0.005" classname="junit.ComputeDateTest"/>
  <testcase name="testGetYearOfNextDay[29] on testGetYearOfNextDay[29](junit.ComputeDateTest)" time="0.004" classname="junit.ComputeDateTest"/>
  <testcase name="testGetYearOfNextDay[30] on testGetYearOfNextDay[30](junit.ComputeDateTest)" time="0.004" classname="junit.ComputeDateTest"/>
  <testcase name="testGetYearOfNextDay[31] on testGetYearOfNextDay[31](junit.ComputeDateTest)" time="0.004" classname="junit.ComputeDateTest"/>
  <testcase name="testGetYearOfNextDay[32] on testGetYearOfNextDay[32](junit.ComputeDateTest)" time="0.003" classname="junit.ComputeDateTest"/>
  <testcase name="testGetYearOfNextDay[33] on testGetYearOfNextDay[33](junit.ComputeDateTest)" time="0.003" classname="junit.ComputeDateTest"/>
  <testcase name="testGetYearOfNextDay[34] on testGetYearOfNextDay[34](junit.ComputeDateTest)" time="0.004" classname="junit.ComputeDateTest"/>
  <testcase name="testGetYearOfNextDay[35] on testGetYearOfNextDay[35](junit.ComputeDateTest)" time="0.01" classname="junit.ComputeDateTest"/>
  <testcase name="testGetYearOfNextDay[36] on testGetYearOfNextDay[36](junit.ComputeDateTest)" time="0.004" classname="junit.ComputeDateTest"/>
  <testcase name="testGetYearOfNextDay[37] on testGetYearOfNextDay[37](junit.ComputeDateTest)" time="0.005" classname="junit.ComputeDateTest"/>
  <testcase name="testGetYearOfNextDay[38] on testGetYearOfNextDay[38](junit.ComputeDateTest)" time="0.005" classname="junit.ComputeDateTest"/>
  <testcase name="testGetYearOfNextDay[39] on testGetYearOfNextDay[39](junit.ComputeDateTest)" time="0.004" classname="junit.ComputeDateTest"/>
  <testcase name="testGetYearOfNextDay[40] on testGetYearOfNextDay[40](junit.ComputeDateTest)" time="0.003" classname="junit.ComputeDateTest"/>
  <testcase name="testGetYearOfNextDay[41] on testGetYearOfNextDay[41](junit.ComputeDateTest)" time="0.004" classname="junit.ComputeDateTest"/>
  <testcase name="testSetMaxDay[0] on testSetMaxDay[0](junit.ValidateTest)" time="0.001" classname="junit.ValidateTest"/>
  <testcase name="testSetMaxDay[1] on testSetMaxDay[1](junit.ValidateTest)" time="0.0" classname="junit.ValidateTest"/>
  <testcase name="testSetMaxDay[2] on testSetMaxDay[2](junit.ValidateTest)" time="0.0" classname="junit.ValidateTest"/>
  <testcase name="testSetMaxDay[3] on testSetMaxDay[3](junit.ValidateTest)" time="0.001" classname="junit.ValidateTest"/>
  <testcase name="testSetMaxDay[4] on testSetMaxDay[4](junit.ValidateTest)" time="0.0" classname="junit.ValidateTest"/>
  <testcase name="testSetMaxDay[5] on testSetMaxDay[5](junit.ValidateTest)" time="0.0" classname="junit.ValidateTest"/>
  <testcase name="testSetMaxDay[6] on testSetMaxDay[6](junit.ValidateTest)" time="0.0" classname="junit.ValidateTest"/>
  <testcase name="testSetMaxDay[7] on testSetMaxDay[7](junit.ValidateTest)" time="0.001" classname="junit.ValidateTest"/>
  <testcase name="testSetMaxDay[8] on testSetMaxDay[8](junit.ValidateTest)" time="0.0" classname="junit.ValidateTest"/>
  <testcase name="testSetMaxDay[9] on testSetMaxDay[9](junit.ValidateTest)" time="0.0" classname="junit.ValidateTest"/>
</testsuite> <!-- Surefire test -->
